#
# There is insufficient memory for the Java Runtime Environment to continue.
# Native memory allocation (malloc) failed to allocate 1048576 bytes for AllocateHeap
# Possible reasons:
#   The system is out of physical RAM or swap space
#   In 32 bit mode, the process size limit was hit
# Possible solutions:
#   Reduce memory load on the system
#   Increase physical memory or swap space
#   Check if swap backing store is full
#   Use 64 bit Java on a 64 bit OS
#   Decrease Java heap size (-Xmx/-Xms)
#   Decrease number of Java threads
#   Decrease Java thread stack sizes (-Xss)
#   Set larger code cache with -XX:ReservedCodeCacheSize=
# This output file may be truncated or incomplete.
#
#  Out of Memory Error (memory/allocation.inline.hpp:61), pid=13840, tid=13752
#
# JRE version:  (8.0_73-b02) (build )
# Java VM: Java HotSpot(TM) 64-Bit Server VM (25.73-b02 mixed mode windows-amd64 compressed oops)
# Failed to write core dump. Minidumps are not enabled by default on client versions of Windows
#

---------------  T H R E A D  ---------------

Current thread (0x0000000002b92800):  JavaThread "Unknown thread" [_thread_in_vm, id=13752, stack(0x0000000002990000,0x0000000002a90000)]

Stack: [0x0000000002990000,0x0000000002a90000]
[error occurred during error reporting (printing stack bounds), id 0xc0000005]

Native frames: (J=compiled Java code, j=interpreted, Vv=VM code, C=native code)


---------------  P R O C E S S  ---------------

Java Threads: ( => current thread )

Other Threads:

=>0x0000000002b92800 (exited) JavaThread "Unknown thread" [_thread_in_vm, id=13752, stack(0x0000000002990000,0x0000000002a90000)]

VM state:not at safepoint (normal execution)

VM Mutex/Monitor currently owned by a thread: None

Heap:
 PSYoungGen      total 38400K, used 665K [0x00000000eab00000, 0x00000000ed580000, 0x0000000100000000)
  eden space 33280K, 2% used [0x00000000eab00000,0x00000000eaba6670,0x00000000ecb80000)
  from space 5120K, 0% used [0x00000000ed080000,0x00000000ed080000,0x00000000ed580000)
  to   space 5120K, 0% used [0x00000000ecb80000,0x00000000ecb80000,0x00000000ed080000)
 ParOldGen       total 87552K, used 0K [0x00000000c0000000, 0x00000000c5580000, 0x00000000eab00000)
  object space 87552K, 0% used [0x00000000c0000000,0x00000000c0000000,0x00000000c5580000)
 Metaspace       used 769K, capacity 4480K, committed 4480K, reserved 1056768K
  class space    used 75K, capacity 384K, committed 384K, reserved 1048576K

Card table byte_map: [0x0000000012050000,0x0000000012260000] byte_map_base: 0x0000000011a50000

Marking Bits: (ParMarkBitMap*) 0x0000000057520600
 Begin Bits: [0x0000000012bc0000, 0x0000000013bc0000)
 End Bits:   [0x0000000013bc0000, 0x0000000014bc0000)

Polling page: 0x0000000000e80000

CodeCache: size=245760Kb used=328Kb max_used=328Kb free=245431Kb
 bounds [0x0000000002c90000, 0x0000000002f00000, 0x0000000011c90000]
 total_blobs=57 nmethods=0 adapters=37
 compilation: enabled

Compilation events (0 events):
No events

GC Heap History (0 events):
No events

Deoptimization events (0 events):
No events

Internal exceptions (0 events):
No events

Events (10 events):
Event: 0.161 loading class java/lang/Short
Event: 0.161 loading class java/lang/Short done
Event: 0.161 loading class java/lang/Integer
Event: 0.161 loading class java/lang/Integer done
Event: 0.161 loading class java/lang/Long
Event: 0.161 loading class java/lang/Long done
Event: 0.162 loading class java/lang/NullPointerException
Event: 0.162 loading class java/lang/NullPointerException done
Event: 0.162 loading class java/lang/ArithmeticException
Event: 0.162 loading class java/lang/ArithmeticException done


Dynamic libraries:
0x00007ff6609e0000 - 0x00007ff660a17000 	D:\ProgramFiles\Java\jdk1.8.0_73\bin\java.exe
0x00007ffa3d800000 - 0x00007ffa3d9d1000 	C:\WINDOWS\SYSTEM32\ntdll.dll
0x00007ffa3d250000 - 0x00007ffa3d2fb000 	C:\WINDOWS\System32\KERNEL32.DLL
0x00007ffa3a7b0000 - 0x00007ffa3a9cd000 	C:\WINDOWS\System32\KERNELBASE.dll
0x00007ffa3ca60000 - 0x00007ffa3cb02000 	C:\WINDOWS\System32\ADVAPI32.dll
0x00007ffa3c790000 - 0x00007ffa3c82e000 	C:\WINDOWS\System32\msvcrt.dll
0x00007ffa3ccd0000 - 0x00007ffa3cd29000 	C:\WINDOWS\System32\sechost.dll
0x00007ffa3c660000 - 0x00007ffa3c781000 	C:\WINDOWS\System32\RPCRT4.dll
0x00007ffa3c4f0000 - 0x00007ffa3c655000 	C:\WINDOWS\System32\USER32.dll
0x00007ffa39e70000 - 0x00007ffa39e8e000 	C:\WINDOWS\System32\win32u.dll
0x00007ffa3cf40000 - 0x00007ffa3cf74000 	C:\WINDOWS\System32\GDI32.dll
0x00007ffa3a620000 - 0x00007ffa3a7a2000 	C:\WINDOWS\System32\gdi32full.dll
0x00007ffa2e4e0000 - 0x00007ffa2e759000 	C:\WINDOWS\WinSxS\amd64_microsoft.windows.common-controls_6595b64144ccf1df_6.0.14393.447_none_42191651c6827bb3\COMCTL32.dll
0x00007ffa3cf80000 - 0x00007ffa3d248000 	C:\WINDOWS\System32\combase.dll
0x00007ffa3aac0000 - 0x00007ffa3abb5000 	C:\WINDOWS\System32\ucrtbase.dll
0x00007ffa39da0000 - 0x00007ffa39e0a000 	C:\WINDOWS\System32\bcryptPrimitives.dll
0x00007ffa3d3a0000 - 0x00007ffa3d3ce000 	C:\WINDOWS\System32\IMM32.DLL
0x0000000056d10000 - 0x00000000575a0000 	D:\ProgramFiles\Java\jdk1.8.0_73\jre\bin\server\jvm.dll
0x00007ffa3c4e0000 - 0x00007ffa3c4e8000 	C:\WINDOWS\System32\PSAPI.DLL
0x00007ffa31b50000 - 0x00007ffa31b59000 	C:\WINDOWS\SYSTEM32\WSOCK32.dll
0x00007ffa3c990000 - 0x00007ffa3c9fa000 	C:\WINDOWS\System32\WS2_32.dll
0x00007ffa37d70000 - 0x00007ffa37d93000 	C:\WINDOWS\SYSTEM32\WINMM.dll
0x00007ffa2fe40000 - 0x00007ffa2fe4a000 	C:\WINDOWS\SYSTEM32\VERSION.dll
0x0000000056c30000 - 0x0000000056d02000 	D:\ProgramFiles\Java\jdk1.8.0_73\bin\MSVCR100.dll
0x00007ffa37be0000 - 0x00007ffa37c0b000 	C:\WINDOWS\SYSTEM32\WINMMBASE.dll
0x00007ffa3a9d0000 - 0x00007ffa3aa12000 	C:\WINDOWS\System32\cfgmgr32.dll
0x0000000056c20000 - 0x0000000056c2f000 	D:\ProgramFiles\Java\jdk1.8.0_73\jre\bin\verify.dll
0x0000000056bf0000 - 0x0000000056c19000 	D:\ProgramFiles\Java\jdk1.8.0_73\jre\bin\java.dll
0x0000000056bd0000 - 0x0000000056be6000 	D:\ProgramFiles\Java\jdk1.8.0_73\jre\bin\zip.dll

VM Arguments:
jvm_args: -Djava.awt.headless=true -Xmx1024M -Dfile.encoding=GBK -Duser.country=CN -Duser.language=zh -Duser.variant 
java_command: com.android.dx.command.Main --dex --num-threads=4 --output D:\Projects\react\App\android\app\build\intermediates\pre-dexed\debug\com.facebook.fresco-fbcore-1.0.1_4bdb63787430d87831102540fc3f87ee11531b78.jar D:\Projects\react\App\android\app\build\intermediates\exploded-aar\com.facebook.fresco\fbcore\1.0.1\jars\classes.jar
java_class_path (initial): D:\ProgramFiles\Android\sdk\build-tools\23.0.1\lib\dx.jar
Launcher Type: SUN_STANDARD

Environment Variables:
JAVA_HOME=D:\ProgramFiles\Java\jdk1.8.0_73
CLASSPATH=D:\Projects\react\App\android\\gradle\wrapper\gradle-wrapper.jar
PATH=C:\Users\Administrator\bin;D:\ProgramFiles\Git\mingw64\bin;D:\ProgramFiles\Git\usr\local\bin;D:\ProgramFiles\Git\usr\bin;D:\ProgramFiles\Git\usr\bin;D:\ProgramFiles\Git\mingw64\bin;D:\ProgramFiles\Git\usr\bin;C:\Users\Administrator\bin;.;D:\ProgramFiles\go\bin;D:\ProgramFiles\Git\usr\bin;D:\ProgramFiles\Android\sdk\platform-tools;D:\ProgramFiles\Android\sdk\tools;D:\ProgramFiles\Java\jdk1.8.0_73\bin;D:\ProgramFiles\dev\nvm;D:\ProgramFiles\dev\nodejs;D:\ProgramFiles\dev\nvm\npm;C:\WINDOWS\system32;C:\WINDOWS;C:\WINDOWS\System32\Wbem;C:\WINDOWS\System32\WindowsPowerShell\v1.0;C:\Users\Administrator\.dnx\bin;C:\Program Files\Microsoft DNX\Dnvm;C:\Program Files (x86)\Windows Kits\10\Windows Performance Toolkit;C:\Program Files (x86)\nodejs;C:\Program Files (x86)\NVIDIA Corporation\PhysX\Common;C:\Program Files\WIDCOMM\Bluetooth Software;C:\Program Files\WIDCOMM\Bluetooth Software\syswow64;D:\ProgramFiles\Git LFS;C:\Users\Administrator\AppData\Roaming\npm;C:\Users\Administrator\AppData\Local\Microsoft\WindowsApps;D:\ProgramFiles\Microsoft VS Code\bin;D:\ProgramFiles\Git\usr\bin\vendor_perl;D:\ProgramFiles\Git\usr\bin\core_perl
USERNAME=Johnny
SHELL=D:\ProgramFiles\Git\usr\bin\bash.exe
DISPLAY=needs-to-be-defined
OS=Windows_NT
PROCESSOR_IDENTIFIER=Intel64 Family 6 Model 58 Stepping 9, GenuineIntel



---------------  S Y S T E M  ---------------

OS: Windows 10.0 , 64 bit Build 14393 (10.0.14393.0)

CPU:total 8 (4 cores per cpu, 2 threads per core) family 6 model 58 stepping 9, cmov, cx8, fxsr, mmx, sse, sse2, sse3, ssse3, sse4.1, sse4.2, popcnt, avx, aes, clmul, erms, ht, tsc, tscinvbit, tscinv

Memory: 4k page, physical 8288616k(1175708k free), swap 8288616k(7180k free)

vm_info: Java HotSpot(TM) 64-Bit Server VM (25.73-b02) for windows-amd64 JRE (1.8.0_73-b02), built on Jan 29 2016 17:38:49 by "java_re" with MS VC++ 10.0 (VS2010)

time: Sun Aug 20 21:53:17 2017
elapsed time: 0 seconds (0d 0h 0m 0s)

