#
# There is insufficient memory for the Java Runtime Environment to continue.
# Native memory allocation (malloc) failed to allocate 611408 bytes for Chunk::new
# Possible reasons:
#   The system is out of physical RAM or swap space
#   In 32 bit mode, the process size limit was hit
# Possible solutions:
#   Reduce memory load on the system
#   Increase physical memory or swap space
#   Check if swap backing store is full
#   Use 64 bit Java on a 64 bit OS
#   Decrease Java heap size (-Xmx/-Xms)
#   Decrease number of Java threads
#   Decrease Java thread stack sizes (-Xss)
#   Set larger code cache with -XX:ReservedCodeCacheSize=
# This output file may be truncated or incomplete.
#
#  Out of Memory Error (allocation.cpp:390), pid=13432, tid=13124
#
# JRE version: Java(TM) SE Runtime Environment (8.0_73-b02) (build 1.8.0_73-b02)
# Java VM: Java HotSpot(TM) 64-Bit Server VM (25.73-b02 mixed mode windows-amd64 compressed oops)
# Failed to write core dump. Minidumps are not enabled by default on client versions of Windows
#

---------------  T H R E A D  ---------------

Current thread (0x0000000017f1e800):  JavaThread "C2 CompilerThread1" daemon [_thread_in_native, id=13124, stack(0x0000000018590000,0x0000000018690000)]

Stack: [0x0000000018590000,0x0000000018690000]
[error occurred during error reporting (printing stack bounds), id 0xc0000005]

Native frames: (J=compiled Java code, j=interpreted, Vv=VM code, C=native code)


Current CompileTask:
C2:  10256 2319       4       com.android.dx.ssa.back.FirstFitLocalCombiningAllocator::handleCheckCastResults (413 bytes)


---------------  P R O C E S S  ---------------

Java Threads: ( => current thread )
  0x0000000018ab9000 JavaThread "pool-1-thread-4" [_thread_blocked, id=12292, stack(0x0000000019690000,0x0000000019790000)]
  0x0000000018259800 JavaThread "pool-1-thread-3" [_thread_blocked, id=5716, stack(0x0000000019590000,0x0000000019690000)]
  0x0000000018aa5800 JavaThread "pool-1-thread-2" [_thread_blocked, id=9980, stack(0x0000000019490000,0x0000000019590000)]
  0x0000000018aa9800 JavaThread "pool-2-thread-1" [_thread_blocked, id=13308, stack(0x0000000019390000,0x0000000019490000)]
  0x0000000018aa0800 JavaThread "pool-1-thread-1" [_thread_blocked, id=13304, stack(0x0000000019290000,0x0000000019390000)]
  0x0000000017fc4800 JavaThread "Service Thread" daemon [_thread_blocked, id=13344, stack(0x0000000018890000,0x0000000018990000)]
  0x0000000017f2d800 JavaThread "C1 CompilerThread3" daemon [_thread_blocked, id=13332, stack(0x0000000018790000,0x0000000018890000)]
  0x0000000017f1f000 JavaThread "C2 CompilerThread2" daemon [_thread_in_native, id=13324, stack(0x0000000018690000,0x0000000018790000)]
=>0x0000000017f1e800 JavaThread "C2 CompilerThread1" daemon [_thread_in_native, id=13124, stack(0x0000000018590000,0x0000000018690000)]
  0x0000000017f1b800 JavaThread "C2 CompilerThread0" daemon [_thread_in_native, id=13036, stack(0x0000000018490000,0x0000000018590000)]
  0x0000000017ecd000 JavaThread "Attach Listener" daemon [_thread_blocked, id=13012, stack(0x0000000018390000,0x0000000018490000)]
  0x0000000017ecc000 JavaThread "Signal Dispatcher" daemon [_thread_blocked, id=13052, stack(0x0000000018290000,0x0000000018390000)]
  0x000000000338c800 JavaThread "Finalizer" daemon [_thread_blocked, id=12892, stack(0x0000000017d90000,0x0000000017e90000)]
  0x0000000015eac800 JavaThread "Reference Handler" daemon [_thread_blocked, id=12924, stack(0x0000000017c90000,0x0000000017d90000)]
  0x0000000003292800 JavaThread "main" [_thread_blocked, id=13320, stack(0x0000000003150000,0x0000000003250000)]

Other Threads:
  0x0000000015ea8800 VMThread [stack: 0x0000000017b90000,0x0000000017c90000] [id=13260]
  0x000000001802c800 WatcherThread [stack: 0x0000000018990000,0x0000000018a90000] [id=13096]

VM state:not at safepoint (normal execution)

VM Mutex/Monitor currently owned by a thread: None

Heap:
 PSYoungGen      total 138240K, used 120559K [0x00000000eab00000, 0x00000000fe700000, 0x0000000100000000)
  eden space 133120K, 86% used [0x00000000eab00000,0x00000000f1bbdda0,0x00000000f2d00000)
  from space 5120K, 99% used [0x00000000f2d00000,0x00000000f31fe120,0x00000000f3200000)
  to   space 28672K, 0% used [0x00000000fcb00000,0x00000000fcb00000,0x00000000fe700000)
 ParOldGen       total 87552K, used 50991K [0x00000000c0000000, 0x00000000c5580000, 0x00000000eab00000)
  object space 87552K, 58% used [0x00000000c0000000,0x00000000c31cbd80,0x00000000c5580000)
 Metaspace       used 6328K, capacity 7216K, committed 7296K, reserved 1056768K
  class space    used 604K, capacity 616K, committed 640K, reserved 1048576K

Card table byte_map: [0x0000000012750000,0x0000000012960000] byte_map_base: 0x0000000012150000

Marking Bits: (ParMarkBitMap*) 0x0000000057520600
 Begin Bits: [0x00000000132c0000, 0x00000000142c0000)
 End Bits:   [0x00000000142c0000, 0x00000000152c0000)

Polling page: 0x0000000002d10000

CodeCache: size=245760Kb used=12040Kb max_used=12040Kb free=233719Kb
 bounds [0x0000000003390000, 0x0000000003f60000, 0x0000000012390000]
 total_blobs=2567 nmethods=2301 adapters=178
 compilation: enabled

Compilation events (10 events):
Event: 10.180 Thread 0x0000000017f1e800 nmethod 2314 0x0000000003f53510 code [0x0000000003f536c0, 0x0000000003f53f58]
Event: 10.182 Thread 0x0000000017f1e800 2317       4       com.android.dx.dex.code.RopTranslator$TranslationVisitor::getNextMoveResultPseudo (55 bytes)
Event: 10.186 Thread 0x0000000017f1e800 nmethod 2317 0x0000000003f4be90 code [0x0000000003f4c000, 0x0000000003f4c258]
Event: 10.186 Thread 0x0000000017f1e800 2318       4       com.android.dx.util.ByteArray::getShort (25 bytes)
Event: 10.187 Thread 0x0000000017f1e800 nmethod 2318 0x0000000003ef6ed0 code [0x0000000003ef7020, 0x0000000003ef7178]
Event: 10.195 Thread 0x0000000017f1e800 2319       4       com.android.dx.ssa.back.FirstFitLocalCombiningAllocator::handleCheckCastResults (413 bytes)
Event: 10.200 Thread 0x0000000017f2d800 2320       3       com.android.dx.rop.annotation.Annotation::add (72 bytes)
Event: 10.201 Thread 0x0000000017f2d800 nmethod 2320 0x0000000003f58ad0 code [0x0000000003f58d40, 0x0000000003f59ca8]
Event: 10.214 Thread 0x0000000017f2d800 2321       3       com.android.dx.cf.direct.AnnotationParser::parseElement (100 bytes)
Event: 10.217 Thread 0x0000000017f2d800 nmethod 2321 0x0000000003f5a410 code [0x0000000003f5a820, 0x0000000003f5cb08]

GC Heap History (10 events):
Event: 1.204 GC heap before
{Heap before GC invocations=1 (full 0):
 PSYoungGen      total 38400K, used 33280K [0x00000000eab00000, 0x00000000ed580000, 0x0000000100000000)
  eden space 33280K, 100% used [0x00000000eab00000,0x00000000ecb80000,0x00000000ecb80000)
  from space 5120K, 0% used [0x00000000ed080000,0x00000000ed080000,0x00000000ed580000)
  to   space 5120K, 0% used [0x00000000ecb80000,0x00000000ecb80000,0x00000000ed080000)
 ParOldGen       total 87552K, used 0K [0x00000000c0000000, 0x00000000c5580000, 0x00000000eab00000)
  object space 87552K, 0% used [0x00000000c0000000,0x00000000c0000000,0x00000000c5580000)
 Metaspace       used 5873K, capacity 6960K, committed 7040K, reserved 1056768K
  class space    used 583K, capacity 616K, committed 640K, reserved 1048576K
Event: 1.337 GC heap after
Heap after GC invocations=1 (full 0):
 PSYoungGen      total 38400K, used 5090K [0x00000000eab00000, 0x00000000ef600000, 0x0000000100000000)
  eden space 33280K, 0% used [0x00000000eab00000,0x00000000eab00000,0x00000000ecb80000)
  from space 5120K, 99% used [0x00000000ecb80000,0x00000000ed078ac8,0x00000000ed080000)
  to   space 5120K, 0% used [0x00000000ef100000,0x00000000ef100000,0x00000000ef600000)
 ParOldGen       total 87552K, used 2388K [0x00000000c0000000, 0x00000000c5580000, 0x00000000eab00000)
  object space 87552K, 2% used [0x00000000c0000000,0x00000000c0255010,0x00000000c5580000)
 Metaspace       used 5873K, capacity 6960K, committed 7040K, reserved 1056768K
  class space    used 583K, capacity 616K, committed 640K, reserved 1048576K
}
Event: 2.756 GC heap before
{Heap before GC invocations=2 (full 0):
 PSYoungGen      total 38400K, used 38370K [0x00000000eab00000, 0x00000000ef600000, 0x0000000100000000)
  eden space 33280K, 100% used [0x00000000eab00000,0x00000000ecb80000,0x00000000ecb80000)
  from space 5120K, 99% used [0x00000000ecb80000,0x00000000ed078ac8,0x00000000ed080000)
  to   space 5120K, 0% used [0x00000000ef100000,0x00000000ef100000,0x00000000ef600000)
 ParOldGen       total 87552K, used 2388K [0x00000000c0000000, 0x00000000c5580000, 0x00000000eab00000)
  object space 87552K, 2% used [0x00000000c0000000,0x00000000c0255010,0x00000000c5580000)
 Metaspace       used 6048K, capacity 7088K, committed 7296K, reserved 1056768K
  class space    used 584K, capacity 616K, committed 640K, reserved 1048576K
Event: 3.338 GC heap after
Heap after GC invocations=2 (full 0):
 PSYoungGen      total 71680K, used 5096K [0x00000000eab00000, 0x00000000ef600000, 0x0000000100000000)
  eden space 66560K, 0% used [0x00000000eab00000,0x00000000eab00000,0x00000000eec00000)
  from space 5120K, 99% used [0x00000000ef100000,0x00000000ef5fa048,0x00000000ef600000)
  to   space 5120K, 0% used [0x00000000eec00000,0x00000000eec00000,0x00000000ef100000)
 ParOldGen       total 87552K, used 7349K [0x00000000c0000000, 0x00000000c5580000, 0x00000000eab00000)
  object space 87552K, 8% used [0x00000000c0000000,0x00000000c072d740,0x00000000c5580000)
 Metaspace       used 6048K, capacity 7088K, committed 7296K, reserved 1056768K
  class space    used 584K, capacity 616K, committed 640K, reserved 1048576K
}
Event: 6.691 GC heap before
{Heap before GC invocations=3 (full 0):
 PSYoungGen      total 71680K, used 71656K [0x00000000eab00000, 0x00000000ef600000, 0x0000000100000000)
  eden space 66560K, 100% used [0x00000000eab00000,0x00000000eec00000,0x00000000eec00000)
  from space 5120K, 99% used [0x00000000ef100000,0x00000000ef5fa048,0x00000000ef600000)
  to   space 5120K, 0% used [0x00000000eec00000,0x00000000eec00000,0x00000000ef100000)
 ParOldGen       total 87552K, used 7349K [0x00000000c0000000, 0x00000000c5580000, 0x00000000eab00000)
  object space 87552K, 8% used [0x00000000c0000000,0x00000000c072d740,0x00000000c5580000)
 Metaspace       used 6144K, capacity 7152K, committed 7296K, reserved 1056768K
  class space    used 585K, capacity 616K, committed 640K, reserved 1048576K
Event: 6.763 GC heap after
Heap after GC invocations=3 (full 0):
 PSYoungGen      total 71680K, used 5113K [0x00000000eab00000, 0x00000000f3700000, 0x0000000100000000)
  eden space 66560K, 0% used [0x00000000eab00000,0x00000000eab00000,0x00000000eec00000)
  from space 5120K, 99% used [0x00000000eec00000,0x00000000ef0fe750,0x00000000ef100000)
  to   space 5120K, 0% used [0x00000000f3200000,0x00000000f3200000,0x00000000f3700000)
 ParOldGen       total 87552K, used 17778K [0x00000000c0000000, 0x00000000c5580000, 0x00000000eab00000)
  object space 87552K, 20% used [0x00000000c0000000,0x00000000c115c9b8,0x00000000c5580000)
 Metaspace       used 6144K, capacity 7152K, committed 7296K, reserved 1056768K
  class space    used 585K, capacity 616K, committed 640K, reserved 1048576K
}
Event: 8.338 GC heap before
{Heap before GC invocations=4 (full 0):
 PSYoungGen      total 71680K, used 71673K [0x00000000eab00000, 0x00000000f3700000, 0x0000000100000000)
  eden space 66560K, 100% used [0x00000000eab00000,0x00000000eec00000,0x00000000eec00000)
  from space 5120K, 99% used [0x00000000eec00000,0x00000000ef0fe750,0x00000000ef100000)
  to   space 5120K, 0% used [0x00000000f3200000,0x00000000f3200000,0x00000000f3700000)
 ParOldGen       total 87552K, used 17778K [0x00000000c0000000, 0x00000000c5580000, 0x00000000eab00000)
  object space 87552K, 20% used [0x00000000c0000000,0x00000000c115c9b8,0x00000000c5580000)
 Metaspace       used 6281K, capacity 7216K, committed 7296K, reserved 1056768K
  class space    used 604K, capacity 616K, committed 640K, reserved 1048576K
Event: 8.401 GC heap after
Heap after GC invocations=4 (full 0):
 PSYoungGen      total 138240K, used 5109K [0x00000000eab00000, 0x00000000f3700000, 0x0000000100000000)
  eden space 133120K, 0% used [0x00000000eab00000,0x00000000eab00000,0x00000000f2d00000)
  from space 5120K, 99% used [0x00000000f3200000,0x00000000f36fd438,0x00000000f3700000)
  to   space 5120K, 0% used [0x00000000f2d00000,0x00000000f2d00000,0x00000000f3200000)
 ParOldGen       total 87552K, used 29060K [0x00000000c0000000, 0x00000000c5580000, 0x00000000eab00000)
  object space 87552K, 33% used [0x00000000c0000000,0x00000000c1c613a8,0x00000000c5580000)
 Metaspace       used 6281K, capacity 7216K, committed 7296K, reserved 1056768K
  class space    used 604K, capacity 616K, committed 640K, reserved 1048576K
}
Event: 9.249 GC heap before
{Heap before GC invocations=5 (full 0):
 PSYoungGen      total 138240K, used 138229K [0x00000000eab00000, 0x00000000f3700000, 0x0000000100000000)
  eden space 133120K, 100% used [0x00000000eab00000,0x00000000f2d00000,0x00000000f2d00000)
  from space 5120K, 99% used [0x00000000f3200000,0x00000000f36fd438,0x00000000f3700000)
  to   space 5120K, 0% used [0x00000000f2d00000,0x00000000f2d00000,0x00000000f3200000)
 ParOldGen       total 87552K, used 29060K [0x00000000c0000000, 0x00000000c5580000, 0x00000000eab00000)
  object space 87552K, 33% used [0x00000000c0000000,0x00000000c1c613a8,0x00000000c5580000)
 Metaspace       used 6310K, capacity 7216K, committed 7296K, reserved 1056768K
  class space    used 604K, capacity 616K, committed 640K, reserved 1048576K
Event: 9.381 GC heap after
Heap after GC invocations=5 (full 0):
 PSYoungGen      total 138240K, used 5112K [0x00000000eab00000, 0x00000000fe700000, 0x0000000100000000)
  eden space 133120K, 0% used [0x00000000eab00000,0x00000000eab00000,0x00000000f2d00000)
  from space 5120K, 99% used [0x00000000f2d00000,0x00000000f31fe120,0x00000000f3200000)
  to   space 28672K, 0% used [0x00000000fcb00000,0x00000000fcb00000,0x00000000fe700000)
 ParOldGen       total 87552K, used 50991K [0x00000000c0000000, 0x00000000c5580000, 0x00000000eab00000)
  object space 87552K, 58% used [0x00000000c0000000,0x00000000c31cbd80,0x00000000c5580000)
 Metaspace       used 6310K, capacity 7216K, committed 7296K, reserved 1056768K
  class space    used 604K, capacity 616K, committed 640K, reserved 1048576K
}

Deoptimization events (10 events):
Event: 9.711 Thread 0x0000000018259800 Uncommon trap: reason=unstable_if action=reinterpret pc=0x00000000039e0574 method=com.android.dx.rop.code.BasicBlockList.preferredSuccessorOf(Lcom/android/dx/rop/code/BasicBlock;)Lcom/android/dx/rop/code/BasicBlock; @ 58
Event: 9.823 Thread 0x0000000018aa0800 Uncommon trap: reason=bimorphic action=maybe_recompile pc=0x0000000003dad86c method=com.android.dx.ssa.back.FirstFitLocalCombiningAllocator.findNextUnreservedRopReg(IILcom/android/dx/ssa/back/FirstFitLocalCombiningAllocator$Alignment;)I @ 60
Event: 9.823 Thread 0x0000000018aa0800 Uncommon trap: reason=bimorphic action=maybe_recompile pc=0x0000000003dad86c method=com.android.dx.ssa.back.FirstFitLocalCombiningAllocator.findNextUnreservedRopReg(IILcom/android/dx/ssa/back/FirstFitLocalCombiningAllocator$Alignment;)I @ 60
Event: 9.825 Thread 0x0000000018aa0800 Uncommon trap: reason=unstable_if action=reinterpret pc=0x0000000003e2f1e4 method=com.android.dx.rop.code.Insn.contentEquals(Lcom/android/dx/rop/code/Insn;)Z @ 47
Event: 9.856 Thread 0x0000000018aa0800 Uncommon trap: reason=class_check action=maybe_recompile pc=0x0000000003c1a9a8 method=com.android.dx.ssa.SCCP.replaceConstants()V @ 127
Event: 9.881 Thread 0x0000000018aa0800 Uncommon trap: reason=unstable_if action=reinterpret pc=0x0000000003bdbe98 method=com.android.dx.cf.code.BaseMachine.popArgs(Lcom/android/dx/cf/code/Frame;I)V @ 15
Event: 10.088 Thread 0x0000000018aa5800 Uncommon trap: reason=unstable_if action=reinterpret pc=0x0000000003e656a8 method=com.android.dx.ssa.LiteralOpUpgrader$1.visitNonMoveInsn(Lcom/android/dx/ssa/NormalSsaInsn;)V @ 176
Event: 10.180 Thread 0x0000000018259800 Uncommon trap: reason=bimorphic action=maybe_recompile pc=0x0000000003e98300 method=com.android.dx.cf.code.BytecodeArray.parseInstruction(ILcom/android/dx/cf/code/BytecodeArray$Visitor;)I @ 1549
Event: 10.180 Thread 0x0000000018259800 Uncommon trap: reason=bimorphic action=maybe_recompile pc=0x0000000003e98300 method=com.android.dx.cf.code.BytecodeArray.parseInstruction(ILcom/android/dx/cf/code/BytecodeArray$Visitor;)I @ 1549
Event: 10.237 Thread 0x0000000018aa0800 Uncommon trap: reason=class_check action=maybe_recompile pc=0x0000000003c1a9a8 method=com.android.dx.ssa.SCCP.replaceConstants()V @ 127

Internal exceptions (7 events):
Event: 0.054 Thread 0x0000000003292800 Exception <a 'java/lang/NoSuchMethodError': Method sun.misc.Unsafe.defineClass(Ljava/lang/String;[BII)Ljava/lang/Class; name or signature does not match> (0x00000000eab130c8) thrown at [D:\re\puppet\workspace\8-2-build-windows-amd64-cygwin\jdk8u73\6086\hotˆYÖû×«?
Event: 0.054 Thread 0x0000000003292800 Exception <a 'java/lang/NoSuchMethodError': Method sun.misc.Unsafe.prefetchRead(Ljava/lang/Object;J)V name or signature does not match> (0x00000000eab133b0) thrown at [D:\re\puppet\workspace\8-2-build-windows-amd64-cygwin\jdk8u73\6086\hotspot\src\share\vm\¾ÄpÏn%@
Event: 3.393 Thread 0x0000000018259800 Implicit null exception at 0x0000000003905e5a to 0x0000000003905f4f
Event: 7.433 Thread 0x0000000018ab9000 Exception <a 'java/lang/ArrayIndexOutOfBoundsException': 18> (0x00000000ebf5a258) thrown at [D:\re\puppet\workspace\8-2-build-windows-amd64-cygwin\jdk8u73\6086\hotspot\src\share\vm\interpreter\interpreterRuntime.cpp, line 366]
Event: 7.434 Thread 0x0000000018ab9000 Exception <a 'java/lang/ArrayIndexOutOfBoundsException': 145> (0x00000000ebf5bdd8) thrown at [D:\re\puppet\workspace\8-2-build-windows-amd64-cygwin\jdk8u73\6086\hotspot\src\share\vm\interpreter\interpreterRuntime.cpp, line 366]
Event: 7.435 Thread 0x0000000018ab9000 Exception <a 'java/lang/ArrayIndexOutOfBoundsException'> (0x00000000ebf5d0c0) thrown at [D:\re\puppet\workspace\8-2-build-windows-amd64-cygwin\jdk8u73\6086\hotspot\src\share\vm\runtime\sharedRuntime.cpp, line 605]
Event: 8.275 Thread 0x0000000018259800 Implicit null exception at 0x0000000003d5ec17 to 0x0000000003d5f1f9

Events (10 events):
Event: 10.159 Thread 0x0000000018ab9000 DEOPT UNPACKING pc=0x00000000033d787f sp=0x000000001978e860 mode 0
Event: 10.179 Thread 0x0000000018259800 Uncommon trap: trap_request=0xffffffc6 fr.pc=0x0000000003e98300
Event: 10.180 Thread 0x0000000018259800 DEOPT PACKING pc=0x0000000003e98300 sp=0x000000001968e500
Event: 10.180 Thread 0x0000000018259800 DEOPT UNPACKING pc=0x00000000033d582a sp=0x000000001968e4c0 mode 2
Event: 10.180 Thread 0x0000000018259800 Uncommon trap: trap_request=0xffffffc6 fr.pc=0x0000000003e98300
Event: 10.180 Thread 0x0000000018259800 DEOPT PACKING pc=0x0000000003e98300 sp=0x000000001968e500
Event: 10.180 Thread 0x0000000018259800 DEOPT UNPACKING pc=0x00000000033d582a sp=0x000000001968e4c0 mode 2
Event: 10.237 Thread 0x0000000018aa0800 Uncommon trap: trap_request=0xffffffde fr.pc=0x0000000003c1a9a8
Event: 10.237 Thread 0x0000000018aa0800 DEOPT PACKING pc=0x0000000003c1a9a8 sp=0x000000001938ebb0
Event: 10.237 Thread 0x0000000018aa0800 DEOPT UNPACKING pc=0x00000000033d582a sp=0x000000001938eb30 mode 2


Dynamic libraries:
0x00007ff6609e0000 - 0x00007ff660a17000 	D:\ProgramFiles\Java\jdk1.8.0_73\bin\java.exe
0x00007ffa3d800000 - 0x00007ffa3d9d1000 	C:\WINDOWS\SYSTEM32\ntdll.dll
0x00007ffa3d250000 - 0x00007ffa3d2fb000 	C:\WINDOWS\System32\KERNEL32.DLL
0x00007ffa3a7b0000 - 0x00007ffa3a9cd000 	C:\WINDOWS\System32\KERNELBASE.dll
0x00007ffa3ca60000 - 0x00007ffa3cb02000 	C:\WINDOWS\System32\ADVAPI32.dll
0x00007ffa3c790000 - 0x00007ffa3c82e000 	C:\WINDOWS\System32\msvcrt.dll
0x00007ffa3ccd0000 - 0x00007ffa3cd29000 	C:\WINDOWS\System32\sechost.dll
0x00007ffa3c660000 - 0x00007ffa3c781000 	C:\WINDOWS\System32\RPCRT4.dll
0x00007ffa3c4f0000 - 0x00007ffa3c655000 	C:\WINDOWS\System32\USER32.dll
0x00007ffa39e70000 - 0x00007ffa39e8e000 	C:\WINDOWS\System32\win32u.dll
0x00007ffa3cf40000 - 0x00007ffa3cf74000 	C:\WINDOWS\System32\GDI32.dll
0x00007ffa3a620000 - 0x00007ffa3a7a2000 	C:\WINDOWS\System32\gdi32full.dll
0x00007ffa2e4e0000 - 0x00007ffa2e759000 	C:\WINDOWS\WinSxS\amd64_microsoft.windows.common-controls_6595b64144ccf1df_6.0.14393.447_none_42191651c6827bb3\COMCTL32.dll
0x00007ffa3cf80000 - 0x00007ffa3d248000 	C:\WINDOWS\System32\combase.dll
0x00007ffa3aac0000 - 0x00007ffa3abb5000 	C:\WINDOWS\System32\ucrtbase.dll
0x00007ffa39da0000 - 0x00007ffa39e0a000 	C:\WINDOWS\System32\bcryptPrimitives.dll
0x00007ffa3d3a0000 - 0x00007ffa3d3ce000 	C:\WINDOWS\System32\IMM32.DLL
0x0000000056d10000 - 0x00000000575a0000 	D:\ProgramFiles\Java\jdk1.8.0_73\jre\bin\server\jvm.dll
0x00007ffa3c4e0000 - 0x00007ffa3c4e8000 	C:\WINDOWS\System32\PSAPI.DLL
0x00007ffa31b50000 - 0x00007ffa31b59000 	C:\WINDOWS\SYSTEM32\WSOCK32.dll
0x0000000056c30000 - 0x0000000056d02000 	D:\ProgramFiles\Java\jdk1.8.0_73\bin\MSVCR100.dll
0x00007ffa37d70000 - 0x00007ffa37d93000 	C:\WINDOWS\SYSTEM32\WINMM.dll
0x00007ffa2fe40000 - 0x00007ffa2fe4a000 	C:\WINDOWS\SYSTEM32\VERSION.dll
0x00007ffa3c990000 - 0x00007ffa3c9fa000 	C:\WINDOWS\System32\WS2_32.dll
0x00007ffa37be0000 - 0x00007ffa37c0b000 	C:\WINDOWS\SYSTEM32\WINMMBASE.dll
0x00007ffa3a9d0000 - 0x00007ffa3aa12000 	C:\WINDOWS\System32\cfgmgr32.dll
0x0000000056c20000 - 0x0000000056c2f000 	D:\ProgramFiles\Java\jdk1.8.0_73\jre\bin\verify.dll
0x0000000056bf0000 - 0x0000000056c19000 	D:\ProgramFiles\Java\jdk1.8.0_73\jre\bin\java.dll
0x0000000056bd0000 - 0x0000000056be6000 	D:\ProgramFiles\Java\jdk1.8.0_73\jre\bin\zip.dll
0x00007ffa3af70000 - 0x00007ffa3c479000 	C:\WINDOWS\System32\SHELL32.dll
0x00007ffa39e90000 - 0x00007ffa3a56a000 	C:\WINDOWS\System32\windows.storage.dll
0x00007ffa39ca0000 - 0x00007ffa39cec000 	C:\WINDOWS\System32\powrprof.dll
0x00007ffa3ca00000 - 0x00007ffa3ca52000 	C:\WINDOWS\System32\shlwapi.dll
0x00007ffa39c80000 - 0x00007ffa39c8f000 	C:\WINDOWS\System32\kernel.appcore.dll
0x00007ffa3a570000 - 0x00007ffa3a619000 	C:\WINDOWS\System32\shcore.dll
0x00007ffa39c60000 - 0x00007ffa39c74000 	C:\WINDOWS\System32\profapi.dll

VM Arguments:
jvm_args: -Djava.awt.headless=true -Xmx1024M -Dfile.encoding=GBK -Duser.country=CN -Duser.language=zh -Duser.variant 
java_command: com.android.dx.command.Main --dex --num-threads=4 --output D:\Projects\react\App\android\app\build\intermediates\pre-dexed\debug\com.facebook.react-react-native-0.47.1_e151266d71dae084df9599eadacdee5ece85ef62.jar D:\Projects\react\App\android\app\build\intermediates\exploded-aar\com.facebook.react\react-native\0.47.1\jars\classes.jar
java_class_path (initial): D:\ProgramFiles\Android\sdk\build-tools\23.0.1\lib\dx.jar
Launcher Type: SUN_STANDARD

Environment Variables:
JAVA_HOME=D:\ProgramFiles\Java\jdk1.8.0_73
CLASSPATH=D:\Projects\react\App\android\\gradle\wrapper\gradle-wrapper.jar
PATH=C:\Users\Administrator\bin;D:\ProgramFiles\Git\mingw64\bin;D:\ProgramFiles\Git\usr\local\bin;D:\ProgramFiles\Git\usr\bin;D:\ProgramFiles\Git\usr\bin;D:\ProgramFiles\Git\mingw64\bin;D:\ProgramFiles\Git\usr\bin;C:\Users\Administrator\bin;.;D:\ProgramFiles\go\bin;D:\ProgramFiles\Git\usr\bin;D:\ProgramFiles\Android\sdk\platform-tools;D:\ProgramFiles\Android\sdk\tools;D:\ProgramFiles\Java\jdk1.8.0_73\bin;D:\ProgramFiles\dev\nvm;D:\ProgramFiles\dev\nodejs;D:\ProgramFiles\dev\nvm\npm;C:\WINDOWS\system32;C:\WINDOWS;C:\WINDOWS\System32\Wbem;C:\WINDOWS\System32\WindowsPowerShell\v1.0;C:\Users\Administrator\.dnx\bin;C:\Program Files\Microsoft DNX\Dnvm;C:\Program Files (x86)\Windows Kits\10\Windows Performance Toolkit;C:\Program Files (x86)\nodejs;C:\Program Files (x86)\NVIDIA Corporation\PhysX\Common;C:\Program Files\WIDCOMM\Bluetooth Software;C:\Program Files\WIDCOMM\Bluetooth Software\syswow64;D:\ProgramFiles\Git LFS;C:\Users\Administrator\AppData\Roaming\npm;C:\Users\Administrator\AppData\Local\Microsoft\WindowsApps;D:\ProgramFiles\Microsoft VS Code\bin;D:\ProgramFiles\Git\usr\bin\vendor_perl;D:\ProgramFiles\Git\usr\bin\core_perl
USERNAME=Johnny
SHELL=D:\ProgramFiles\Git\usr\bin\bash.exe
DISPLAY=needs-to-be-defined
OS=Windows_NT
PROCESSOR_IDENTIFIER=Intel64 Family 6 Model 58 Stepping 9, GenuineIntel



---------------  S Y S T E M  ---------------

OS: Windows 10.0 , 64 bit Build 14393 (10.0.14393.0)

CPU:total 8 (4 cores per cpu, 2 threads per core) family 6 model 58 stepping 9, cmov, cx8, fxsr, mmx, sse, sse2, sse3, ssse3, sse4.1, sse4.2, popcnt, avx, aes, clmul, erms, ht, tsc, tscinvbit, tscinv

Memory: 4k page, physical 8288616k(1178244k free), swap 8288616k(8164k free)

vm_info: Java HotSpot(TM) 64-Bit Server VM (25.73-b02) for windows-amd64 JRE (1.8.0_73-b02), built on Jan 29 2016 17:38:49 by "java_re" with MS VC++ 10.0 (VS2010)

time: Sun Aug 20 21:53:17 2017
elapsed time: 10 seconds (0d 0h 0m 10s)

